<html>
<head>
<title>TestNG:  certification-Community</title>
<link href="../testng.css" rel="stylesheet" type="text/css" />
<link href="../my-testng.css" rel="stylesheet" type="text/css" />

<style type="text/css">
.log { display: none;} 
.stack-trace { display: none;} 
</style>
<script type="text/javascript">
<!--
function flip(e) {
  current = e.style.display;
  if (current == 'block') {
    e.style.display = 'none';
    return 0;
  }
  else {
    e.style.display = 'block';
    return 1;
  }
}

function toggleBox(szDivId, elem, msg1, msg2)
{
  var res = -1;  if (document.getElementById) {
    res = flip(document.getElementById(szDivId));
  }
  else if (document.all) {
    // this is the way old msie versions work
    res = flip(document.all[szDivId]);
  }
  if(elem) {
    if(res == 0) elem.innerHTML = msg1; else elem.innerHTML = msg2;
  }

}

function toggleAllBoxes() {
  if (document.getElementsByTagName) {
    d = document.getElementsByTagName('div');
    for (i = 0; i < d.length; i++) {
      if (d[i].className == 'log') {
        flip(d[i]);
      }
    }
  }
}

// -->
</script>

</head>
<body>
<h2 align='center'>certification-Community</h2><table border='1' align="center">
<tr>
<td>Tests passed/Failed/Skipped:</td><td>0/0/6</td>
</tr><tr>
<td>Started on:</td><td>Tue Dec 12 11:53:14 IST 2017</td>
</tr>
<tr><td>Total time:</td><td>0 seconds (35 ms)</td>
</tr><tr>
<td>Included groups:</td><td></td>
</tr><tr>
<td>Excluded groups:</td><td></td>
</tr>
</table><p/>
<small><i>(Hover the method name to see the test class name)</i></small><p/>
<table width='100%' border='1' class='invocation-failed'>
<tr><td colspan='4' align='center'><b>FAILED CONFIGURATIONS</b></td></tr>
<tr><td><b>Test method</b></td>
<td width="30%"><b>Exception</b></td>
<td width="10%"><b>Time (seconds)</b></td>
<td><b>Instance</b></td>
</tr>
<tr>
<td title='com.arcapi.testcases.CreateAssetPOSTAPITest.setBaseUri()'><b>setBaseUri</b><br>Test class: com.arcapi.testcases.CreateAssetPOSTAPITest</td>
<td><div><pre>java.lang.NoClassDefFoundError: org/apache/poi/ss/usermodel/Cell
	at com.arc.driver.BaseClass.setBaseUri(BaseClass.java:40)
Caused by: java.lang.ClassNotFoundException: org.apache.poi.ss.usermodel.Cell
	at java.net.URLClassLoader$1.run(URLClassLoader.java:366)
	at java.net.URLClassLoader$1.run(URLClassLoader.java:355)
	at java.security.AccessController.doPrivileged(Native Method)
	at java.net.URLClassLoader.findClass(URLClassLoader.java:354)
	at java.lang.ClassLoader.loadClass(ClassLoader.java:425)
	at sun.misc.Launcher$AppClassLoader.loadClass(Launcher.java:308)
	at java.lang.ClassLoader.loadClass(ClassLoader.java:358)
	... 25 more
... Removed 24 stack frames</pre></div><a href='#' onClick='toggleBox("stack-trace1763315321", this, "Click to show all stack frames", "Click to hide stack frames")'>Click to show all stack frames</a>
<div class='stack-trace' id='stack-trace1763315321'><pre>java.lang.NoClassDefFoundError: org/apache/poi/ss/usermodel/Cell
	at com.arc.driver.BaseClass.setBaseUri(BaseClass.java:40)
	at sun.reflect.NativeMethodAccessorImpl.invoke0(Native Method)
	at sun.reflect.NativeMethodAccessorImpl.invoke(NativeMethodAccessorImpl.java:57)
	at sun.reflect.DelegatingMethodAccessorImpl.invoke(DelegatingMethodAccessorImpl.java:43)
	at java.lang.reflect.Method.invoke(Method.java:606)
	at org.testng.internal.MethodInvocationHelper.invokeMethod(MethodInvocationHelper.java:86)
	at org.testng.internal.Invoker.invokeConfigurationMethod(Invoker.java:514)
	at org.testng.internal.Invoker.invokeConfigurations(Invoker.java:215)
	at org.testng.internal.Invoker.invokeConfigurations(Invoker.java:142)
	at org.testng.internal.TestMethodWorker.invokeBeforeClassMethods(TestMethodWorker.java:178)
	at org.testng.internal.TestMethodWorker.run(TestMethodWorker.java:108)
	at org.testng.TestRunner.privateRun(TestRunner.java:782)
	at org.testng.TestRunner.run(TestRunner.java:632)
	at org.testng.SuiteRunner.runTest(SuiteRunner.java:366)
	at org.testng.SuiteRunner.runSequentially(SuiteRunner.java:361)
	at org.testng.SuiteRunner.privateRun(SuiteRunner.java:319)
	at org.testng.SuiteRunner.run(SuiteRunner.java:268)
	at org.testng.SuiteRunnerWorker.runSuite(SuiteRunnerWorker.java:52)
	at org.testng.SuiteRunnerWorker.run(SuiteRunnerWorker.java:86)
	at org.testng.TestNG.runSuitesSequentially(TestNG.java:1244)
	at org.testng.TestNG.runSuitesLocally(TestNG.java:1169)
	at org.testng.TestNG.run(TestNG.java:1064)
	at org.testng.remote.AbstractRemoteTestNG.run(AbstractRemoteTestNG.java:132)
	at org.testng.remote.RemoteTestNG.initAndRun(RemoteTestNG.java:230)
	at org.testng.remote.RemoteTestNG.main(RemoteTestNG.java:76)
Caused by: java.lang.ClassNotFoundException: org.apache.poi.ss.usermodel.Cell
	at java.net.URLClassLoader$1.run(URLClassLoader.java:366)
	at java.net.URLClassLoader$1.run(URLClassLoader.java:355)
	at java.security.AccessController.doPrivileged(Native Method)
	at java.net.URLClassLoader.findClass(URLClassLoader.java:354)
	at java.lang.ClassLoader.loadClass(ClassLoader.java:425)
	at sun.misc.Launcher$AppClassLoader.loadClass(Launcher.java:308)
	at java.lang.ClassLoader.loadClass(ClassLoader.java:358)
	... 25 more
</pre></div></td>
<td>0</td>
<td>com.arcapi.testcases.CreateAssetPOSTAPITest@2ea7ac22</td></tr>
</table><p>
<table width='100%' border='1' class='invocation-skipped'>
<tr><td colspan='4' align='center'><b>SKIPPED CONFIGURATIONS</b></td></tr>
<tr><td><b>Test method</b></td>
<td width="30%"><b>Exception</b></td>
<td width="10%"><b>Time (seconds)</b></td>
<td><b>Instance</b></td>
</tr>
<tr>
<td title='com.arcapi.testcases.PaymentOrderSubmitPOSTAPITest.setBaseUri()'><b>setBaseUri</b><br>Test class: com.arcapi.testcases.PaymentOrderSubmitPOSTAPITest</td>
<td></td>
<td>0</td>
<td>com.arcapi.testcases.PaymentOrderSubmitPOSTAPITest@216041c</td></tr>
<tr>
<td title='com.arcapi.testcases.AddAssestTimelinePOSTAPITest.setBaseUri()'><b>setBaseUri</b><br>Test class: com.arcapi.testcases.AddAssestTimelinePOSTAPITest</td>
<td></td>
<td>0</td>
<td>com.arcapi.testcases.AddAssestTimelinePOSTAPITest@7367cb55</td></tr>
<tr>
<td title='com.arcapi.testcases.CreditUpdatePUTAPITest.setBaseUri()'><b>setBaseUri</b><br>Test class: com.arcapi.testcases.CreditUpdatePUTAPITest</td>
<td></td>
<td>0</td>
<td>com.arcapi.testcases.CreditUpdatePUTAPITest@103cd1c</td></tr>
<tr>
<td title='com.arcapi.testcases.ReviewCertificationPricingAPITest.setBaseUri()'><b>setBaseUri</b><br>Test class: com.arcapi.testcases.ReviewCertificationPricingAPITest</td>
<td></td>
<td>0</td>
<td>com.arcapi.testcases.ReviewCertificationPricingAPITest@6969bd2</td></tr>
<tr>
<td title='com.arcapi.testcases.SubmitReviewPOSTAPITest.setBaseUri()'><b>setBaseUri</b><br>Test class: com.arcapi.testcases.SubmitReviewPOSTAPITest</td>
<td></td>
<td>0</td>
<td>com.arcapi.testcases.SubmitReviewPOSTAPITest@9cffb5f</td></tr>
<tr>
<td title='com.arcapi.testcases.CreateAssetPOSTAPITest.teardown()'><b>teardown</b><br>Test class: com.arcapi.testcases.CreateAssetPOSTAPITest</td>
<td></td>
<td>0</td>
<td>com.arcapi.testcases.CreateAssetPOSTAPITest@2ea7ac22</td></tr>
<tr>
<td title='com.arcapi.testcases.PaymentOrderSubmitPOSTAPITest.teardown()'><b>teardown</b><br>Test class: com.arcapi.testcases.PaymentOrderSubmitPOSTAPITest</td>
<td></td>
<td>0</td>
<td>com.arcapi.testcases.PaymentOrderSubmitPOSTAPITest@216041c</td></tr>
<tr>
<td title='com.arcapi.testcases.ReviewCertificationPricingAPITest.teardown()'><b>teardown</b><br>Test class: com.arcapi.testcases.ReviewCertificationPricingAPITest</td>
<td></td>
<td>0</td>
<td>com.arcapi.testcases.ReviewCertificationPricingAPITest@6969bd2</td></tr>
<tr>
<td title='com.arcapi.testcases.CreateAssetPOSTAPITest.end()'><b>end</b><br>Test class: com.arcapi.testcases.CreateAssetPOSTAPITest</td>
<td></td>
<td>0</td>
<td>com.arcapi.testcases.CreateAssetPOSTAPITest@2ea7ac22</td></tr>
<tr>
<td title='com.arcapi.testcases.PaymentOrderSubmitPOSTAPITest.end()'><b>end</b><br>Test class: com.arcapi.testcases.PaymentOrderSubmitPOSTAPITest</td>
<td></td>
<td>0</td>
<td>com.arcapi.testcases.PaymentOrderSubmitPOSTAPITest@216041c</td></tr>
<tr>
<td title='com.arcapi.testcases.AddAssestTimelinePOSTAPITest.end()'><b>end</b><br>Test class: com.arcapi.testcases.AddAssestTimelinePOSTAPITest</td>
<td></td>
<td>0</td>
<td>com.arcapi.testcases.AddAssestTimelinePOSTAPITest@7367cb55</td></tr>
<tr>
<td title='com.arcapi.testcases.CreditUpdatePUTAPITest.end()'><b>end</b><br>Test class: com.arcapi.testcases.CreditUpdatePUTAPITest</td>
<td></td>
<td>0</td>
<td>com.arcapi.testcases.CreditUpdatePUTAPITest@103cd1c</td></tr>
<tr>
<td title='com.arcapi.testcases.ReviewCertificationPricingAPITest.end()'><b>end</b><br>Test class: com.arcapi.testcases.ReviewCertificationPricingAPITest</td>
<td></td>
<td>0</td>
<td>com.arcapi.testcases.ReviewCertificationPricingAPITest@6969bd2</td></tr>
<tr>
<td title='com.arcapi.testcases.SubmitReviewPOSTAPITest.end()'><b>end</b><br>Test class: com.arcapi.testcases.SubmitReviewPOSTAPITest</td>
<td></td>
<td>0</td>
<td>com.arcapi.testcases.SubmitReviewPOSTAPITest@9cffb5f</td></tr>
</table><p>
<table width='100%' border='1' class='invocation-skipped'>
<tr><td colspan='4' align='center'><b>SKIPPED TESTS</b></td></tr>
<tr><td><b>Test method</b></td>
<td width="30%"><b>Exception</b></td>
<td width="10%"><b>Time (seconds)</b></td>
<td><b>Instance</b></td>
</tr>
<tr>
<td title='com.arcapi.testcases.AddAssestTimelinePOSTAPITest.AddAssestTimeline()'><b>AddAssestTimeline</b><br>Test class: com.arcapi.testcases.AddAssestTimelinePOSTAPITest</td>
<td><div><pre>java.lang.Throwable: Method AddAssestTimelinePOSTAPITest.AddAssestTimeline(java.lang.String, java.lang.String, int)[pri:0, instance:com.arcapi.testcases.AddAssestTimelinePOSTAPITest@7367cb55] depends on not successfully finished methods
... Removed 17 stack frames</pre></div><a href='#' onClick='toggleBox("stack-trace1816042603", this, "Click to show all stack frames", "Click to hide stack frames")'>Click to show all stack frames</a>
<div class='stack-trace' id='stack-trace1816042603'><pre>java.lang.Throwable: Method AddAssestTimelinePOSTAPITest.AddAssestTimeline(java.lang.String, java.lang.String, int)[pri:0, instance:com.arcapi.testcases.AddAssestTimelinePOSTAPITest@7367cb55] depends on not successfully finished methods
	at org.testng.internal.Invoker.invokeTestMethods(Invoker.java:1037)
	at org.testng.internal.TestMethodWorker.invokeTestMethods(TestMethodWorker.java:129)
	at org.testng.internal.TestMethodWorker.run(TestMethodWorker.java:112)
	at org.testng.TestRunner.privateRun(TestRunner.java:782)
	at org.testng.TestRunner.run(TestRunner.java:632)
	at org.testng.SuiteRunner.runTest(SuiteRunner.java:366)
	at org.testng.SuiteRunner.runSequentially(SuiteRunner.java:361)
	at org.testng.SuiteRunner.privateRun(SuiteRunner.java:319)
	at org.testng.SuiteRunner.run(SuiteRunner.java:268)
	at org.testng.SuiteRunnerWorker.runSuite(SuiteRunnerWorker.java:52)
	at org.testng.SuiteRunnerWorker.run(SuiteRunnerWorker.java:86)
	at org.testng.TestNG.runSuitesSequentially(TestNG.java:1244)
	at org.testng.TestNG.runSuitesLocally(TestNG.java:1169)
	at org.testng.TestNG.run(TestNG.java:1064)
	at org.testng.remote.AbstractRemoteTestNG.run(AbstractRemoteTestNG.java:132)
	at org.testng.remote.RemoteTestNG.initAndRun(RemoteTestNG.java:230)
	at org.testng.remote.RemoteTestNG.main(RemoteTestNG.java:76)
</pre></div></td>
<td>0</td>
<td>null</td></tr>
<tr>
<td title='com.arcapi.testcases.CreateAssetPOSTAPITest.CreateAssetPOSTAPI()'><b>CreateAssetPOSTAPI</b><br>Test class: com.arcapi.testcases.CreateAssetPOSTAPITest<br>Parameters: STG, community, ProjectIDCommunity, 2</td>
<td></td>
<td>0</td>
<td>com.arcapi.testcases.CreateAssetPOSTAPITest@2ea7ac22</td></tr>
<tr>
<td title='com.arcapi.testcases.CreditUpdatePUTAPITest.CreditUpdatePUTAPI()'><b>CreditUpdatePUTAPI</b><br>Test class: com.arcapi.testcases.CreditUpdatePUTAPITest</td>
<td><div><pre>java.lang.Throwable: Method CreditUpdatePUTAPITest.CreditUpdatePUTAPI(java.lang.String, java.lang.String, int, java.lang.String)[pri:0, instance:com.arcapi.testcases.CreditUpdatePUTAPITest@103cd1c] depends on not successfully finished methods
... Removed 17 stack frames</pre></div><a href='#' onClick='toggleBox("stack-trace1338128790", this, "Click to show all stack frames", "Click to hide stack frames")'>Click to show all stack frames</a>
<div class='stack-trace' id='stack-trace1338128790'><pre>java.lang.Throwable: Method CreditUpdatePUTAPITest.CreditUpdatePUTAPI(java.lang.String, java.lang.String, int, java.lang.String)[pri:0, instance:com.arcapi.testcases.CreditUpdatePUTAPITest@103cd1c] depends on not successfully finished methods
	at org.testng.internal.Invoker.invokeTestMethods(Invoker.java:1037)
	at org.testng.internal.TestMethodWorker.invokeTestMethods(TestMethodWorker.java:129)
	at org.testng.internal.TestMethodWorker.run(TestMethodWorker.java:112)
	at org.testng.TestRunner.privateRun(TestRunner.java:782)
	at org.testng.TestRunner.run(TestRunner.java:632)
	at org.testng.SuiteRunner.runTest(SuiteRunner.java:366)
	at org.testng.SuiteRunner.runSequentially(SuiteRunner.java:361)
	at org.testng.SuiteRunner.privateRun(SuiteRunner.java:319)
	at org.testng.SuiteRunner.run(SuiteRunner.java:268)
	at org.testng.SuiteRunnerWorker.runSuite(SuiteRunnerWorker.java:52)
	at org.testng.SuiteRunnerWorker.run(SuiteRunnerWorker.java:86)
	at org.testng.TestNG.runSuitesSequentially(TestNG.java:1244)
	at org.testng.TestNG.runSuitesLocally(TestNG.java:1169)
	at org.testng.TestNG.run(TestNG.java:1064)
	at org.testng.remote.AbstractRemoteTestNG.run(AbstractRemoteTestNG.java:132)
	at org.testng.remote.RemoteTestNG.initAndRun(RemoteTestNG.java:230)
	at org.testng.remote.RemoteTestNG.main(RemoteTestNG.java:76)
</pre></div></td>
<td>0</td>
<td>null</td></tr>
<tr>
<td title='com.arcapi.testcases.PaymentOrderSubmitPOSTAPITest.PaymentOrderSubmitPOSTAPI()'><b>PaymentOrderSubmitPOSTAPI</b><br>Test class: com.arcapi.testcases.PaymentOrderSubmitPOSTAPITest<br>Parameters: STG, ProjectIDCommunity, 2</td>
<td></td>
<td>0</td>
<td>com.arcapi.testcases.PaymentOrderSubmitPOSTAPITest@216041c</td></tr>
<tr>
<td title='com.arcapi.testcases.ReviewCertificationPricingAPITest.ReviewCertificationPricingAPI()'><b>ReviewCertificationPricingAPI</b><br>Test class: com.arcapi.testcases.ReviewCertificationPricingAPITest<br>Parameters: STG, ProjectIDCommunity, 2, review</td>
<td></td>
<td>0</td>
<td>com.arcapi.testcases.ReviewCertificationPricingAPITest@6969bd2</td></tr>
<tr>
<td title='com.arcapi.testcases.SubmitReviewPOSTAPITest.SubmitReviewPOSTAPI()'><b>SubmitReviewPOSTAPI</b><br>Test class: com.arcapi.testcases.SubmitReviewPOSTAPITest</td>
<td><div><pre>java.lang.Throwable: Method SubmitReviewPOSTAPITest.SubmitReviewPOSTAPI(java.lang.String, java.lang.String, int, java.lang.String, java.lang.String)[pri:0, instance:com.arcapi.testcases.SubmitReviewPOSTAPITest@9cffb5f] depends on not successfully finished methods
... Removed 17 stack frames</pre></div><a href='#' onClick='toggleBox("stack-trace1861644079", this, "Click to show all stack frames", "Click to hide stack frames")'>Click to show all stack frames</a>
<div class='stack-trace' id='stack-trace1861644079'><pre>java.lang.Throwable: Method SubmitReviewPOSTAPITest.SubmitReviewPOSTAPI(java.lang.String, java.lang.String, int, java.lang.String, java.lang.String)[pri:0, instance:com.arcapi.testcases.SubmitReviewPOSTAPITest@9cffb5f] depends on not successfully finished methods
	at org.testng.internal.Invoker.invokeTestMethods(Invoker.java:1037)
	at org.testng.internal.TestMethodWorker.invokeTestMethods(TestMethodWorker.java:129)
	at org.testng.internal.TestMethodWorker.run(TestMethodWorker.java:112)
	at org.testng.TestRunner.privateRun(TestRunner.java:782)
	at org.testng.TestRunner.run(TestRunner.java:632)
	at org.testng.SuiteRunner.runTest(SuiteRunner.java:366)
	at org.testng.SuiteRunner.runSequentially(SuiteRunner.java:361)
	at org.testng.SuiteRunner.privateRun(SuiteRunner.java:319)
	at org.testng.SuiteRunner.run(SuiteRunner.java:268)
	at org.testng.SuiteRunnerWorker.runSuite(SuiteRunnerWorker.java:52)
	at org.testng.SuiteRunnerWorker.run(SuiteRunnerWorker.java:86)
	at org.testng.TestNG.runSuitesSequentially(TestNG.java:1244)
	at org.testng.TestNG.runSuitesLocally(TestNG.java:1169)
	at org.testng.TestNG.run(TestNG.java:1064)
	at org.testng.remote.AbstractRemoteTestNG.run(AbstractRemoteTestNG.java:132)
	at org.testng.remote.RemoteTestNG.initAndRun(RemoteTestNG.java:230)
	at org.testng.remote.RemoteTestNG.main(RemoteTestNG.java:76)
</pre></div></td>
<td>0</td>
<td>null</td></tr>
</table><p>
</body>
</html>